TN:
SF:/usr/src/app/src/adapters/keycloak/keycloak_adapter.rs
FN:26,<impl AuthProvider for KeycloakAuthAdapter>::login
FN:78,<impl UserProvider for KeycloakUserAdapter>::create_user
FN:152,<impl UserProvider for KeycloakUserAdapter>::get_users
FN:239,<impl UserProvider for KeycloakUserAdapter>::get_user
FN:326,<impl UserProvider for KeycloakUserAdapter>::update_user
FN:433,<impl UserProvider for KeycloakUserAdapter>::update_password
FN:488,<impl UserProvider for KeycloakUserAdapter>::delete_user
FN:539,<impl UserProvider for KeycloakUserAdapter>::add_role
FN:654,<impl UserProvider for KeycloakUserAdapter>::remove_role
FN:756,<impl RoleProvider for KeycloakRoleAdapter>::create_role
FN:808,<impl RoleProvider for KeycloakRoleAdapter>::get_roles
FN:877,<impl RoleProvider for KeycloakRoleAdapter>::get_role
FN:953,<impl RoleProvider for KeycloakRoleAdapter>::update_role
FN:1002,<impl RoleProvider for KeycloakRoleAdapter>::patch_role
FN:1049,<impl RoleProvider for KeycloakRoleAdapter>::delete_role
FNF:15
FNDA:0,<impl AuthProvider for KeycloakAuthAdapter>::login
FNDA:0,<impl UserProvider for KeycloakUserAdapter>::create_user
FNDA:0,<impl UserProvider for KeycloakUserAdapter>::get_users
FNDA:0,<impl UserProvider for KeycloakUserAdapter>::get_user
FNDA:0,<impl UserProvider for KeycloakUserAdapter>::update_user
FNDA:0,<impl UserProvider for KeycloakUserAdapter>::update_password
FNDA:0,<impl UserProvider for KeycloakUserAdapter>::delete_user
FNDA:0,<impl UserProvider for KeycloakUserAdapter>::add_role
FNDA:0,<impl UserProvider for KeycloakUserAdapter>::remove_role
FNDA:0,<impl RoleProvider for KeycloakRoleAdapter>::create_role
FNDA:0,<impl RoleProvider for KeycloakRoleAdapter>::get_roles
FNDA:0,<impl RoleProvider for KeycloakRoleAdapter>::get_role
FNDA:0,<impl RoleProvider for KeycloakRoleAdapter>::update_role
FNDA:0,<impl RoleProvider for KeycloakRoleAdapter>::patch_role
FNDA:0,<impl RoleProvider for KeycloakRoleAdapter>::delete_role
DA:26,0
DA:27,0
DA:29,0
DA:30,0
DA:31,0
DA:32,0
DA:35,0
DA:36,0
DA:38,0
DA:40,0
DA:41,0
DA:42,0
DA:43,0
DA:44,0
DA:47,0
DA:48,0
DA:49,0
DA:51,0
DA:52,0
DA:53,0
DA:54,0
DA:55,0
DA:58,0
DA:59,0
DA:61,0
DA:62,0
DA:63,0
DA:64,0
DA:65,0
DA:66,0
DA:67,0
DA:68,0
DA:69,0
DA:78,0
DA:79,0
DA:81,0
DA:82,0
DA:83,0
DA:84,0
DA:87,0
DA:102,0
DA:103,0
DA:104,0
DA:105,0
DA:106,0
DA:108,0
DA:109,0
DA:110,0
DA:111,0
DA:112,0
DA:115,0
DA:116,0
DA:117,0
DA:119,0
DA:122,0
DA:123,0
DA:126,0
DA:127,0
DA:128,0
DA:129,0
DA:130,0
DA:134,0
DA:135,0
DA:136,0
DA:137,0
DA:139,0
DA:140,0
DA:142,0
DA:143,0
DA:144,0
DA:146,0
DA:152,0
DA:153,0
DA:155,0
DA:156,0
DA:157,0
DA:158,0
DA:161,0
DA:162,0
DA:163,0
DA:164,0
DA:166,0
DA:167,0
DA:168,0
DA:169,0
DA:170,0
DA:173,0
DA:174,0
DA:175,0
DA:177,0
DA:178,0
DA:179,0
DA:180,0
DA:181,0
DA:184,0
DA:186,0
DA:187,0
DA:188,0
DA:190,0
DA:191,0
DA:194,0
DA:196,0
DA:197,0
DA:198,0
DA:201,0
DA:203,0
DA:204,0
DA:205,0
DA:208,0
DA:210,0
DA:211,0
DA:212,0
DA:213,0
DA:214,0
DA:220,0
DA:222,0
DA:223,0
DA:225,0
DA:226,0
DA:227,0
DA:228,0
DA:229,0
DA:230,0
DA:231,0
DA:232,0
DA:233,0
DA:239,0
DA:240,0
DA:242,0
DA:243,0
DA:244,0
DA:245,0
DA:249,0
DA:250,0
DA:251,0
DA:252,0
DA:254,0
DA:255,0
DA:256,0
DA:257,0
DA:258,0
DA:261,0
DA:263,0
DA:264,0
DA:266,0
DA:267,0
DA:268,0
DA:269,0
DA:270,0
DA:273,0
DA:274,0
DA:276,0
DA:277,0
DA:280,0
DA:282,0
DA:283,0
DA:284,0
DA:287,0
DA:289,0
DA:290,0
DA:291,0
DA:294,0
DA:296,0
DA:297,0
DA:298,0
DA:299,0
DA:300,0
DA:304,0
DA:305,0
DA:307,0
DA:308,0
DA:309,0
DA:310,0
DA:311,0
DA:312,0
DA:313,0
DA:315,0
DA:316,0
DA:317,0
DA:318,0
DA:319,0
DA:320,0
DA:326,0
DA:327,0
DA:329,0
DA:330,0
DA:331,0
DA:332,0
DA:336,0
DA:339,0
DA:340,0
DA:341,0
DA:343,0
DA:344,0
DA:345,0
DA:346,0
DA:347,0
DA:350,0
DA:351,0
DA:352,0
DA:354,0
DA:355,0
DA:358,0
DA:359,0
DA:360,0
DA:361,0
DA:362,0
DA:364,0
DA:368,0
DA:370,0
DA:371,0
DA:372,0
DA:376,0
DA:377,0
DA:378,0
DA:380,0
DA:381,0
DA:383,0
DA:384,0
DA:388,0
DA:389,0
DA:390,0
DA:391,0
DA:393,0
DA:394,0
DA:395,0
DA:396,0
DA:397,0
DA:400,0
DA:401,0
DA:402,0
DA:403,0
DA:404,0
DA:405,0
DA:406,0
DA:407,0
DA:408,0
DA:410,0
DA:411,0
DA:412,0
DA:413,0
DA:415,0
DA:416,0
DA:417,0
DA:418,0
DA:420,0
DA:421,0
DA:423,0
DA:424,0
DA:425,0
DA:427,0
DA:433,0
DA:434,0
DA:436,0
DA:437,0
DA:438,0
DA:439,0
DA:443,0
DA:449,0
DA:450,0
DA:451,0
DA:452,0
DA:453,0
DA:455,0
DA:456,0
DA:457,0
DA:458,0
DA:459,0
DA:462,0
DA:463,0
DA:464,0
DA:466,0
DA:467,0
DA:469,0
DA:470,0
DA:471,0
DA:472,0
DA:473,0
DA:474,0
DA:475,0
DA:477,0
DA:478,0
DA:479,0
DA:480,0
DA:481,0
DA:482,0
DA:488,0
DA:489,0
DA:491,0
DA:492,0
DA:493,0
DA:494,0
DA:499,0
DA:500,0
DA:501,0
DA:502,0
DA:503,0
DA:504,0
DA:506,0
DA:507,0
DA:508,0
DA:509,0
DA:510,0
DA:513,0
DA:514,0
DA:515,0
DA:517,0
DA:518,0
DA:520,0
DA:521,0
DA:522,0
DA:523,0
DA:524,0
DA:525,0
DA:526,0
DA:528,0
DA:529,0
DA:530,0
DA:531,0
DA:532,0
DA:533,0
DA:539,0
DA:541,0
DA:543,0
DA:544,0
DA:545,0
DA:546,0
DA:549,0
DA:550,0
DA:551,0
DA:552,0
DA:554,0
DA:555,0
DA:556,0
DA:557,0
DA:558,0
DA:561,0
DA:562,0
DA:564,0
DA:566,0
DA:567,0
DA:570,0
DA:571,0
DA:572,0
DA:573,0
DA:574,0
DA:575,0
DA:577,0
DA:583,0
DA:585,0
DA:586,0
DA:587,0
DA:591,0
DA:593,0
DA:594,0
DA:595,0
DA:596,0
DA:597,0
DA:600,0
DA:601,0
DA:602,0
DA:606,0
DA:608,0
DA:609,0
DA:610,0
DA:611,0
DA:616,0
DA:617,0
DA:618,0
DA:621,0
DA:622,0
DA:623,0
DA:624,0
DA:626,0
DA:627,0
DA:628,0
DA:629,0
DA:630,0
DA:633,0
DA:634,0
DA:635,0
DA:636,0
DA:638,0
DA:639,0
DA:641,0
DA:642,0
DA:644,0
DA:645,0
DA:646,0
DA:647,0
DA:648,0
DA:654,0
DA:656,0
DA:658,0
DA:659,0
DA:660,0
DA:661,0
DA:664,0
DA:665,0
DA:666,0
DA:667,0
DA:669,0
DA:670,0
DA:671,0
DA:672,0
DA:673,0
DA:676,0
DA:677,0
DA:679,0
DA:681,0
DA:682,0
DA:685,0
DA:686,0
DA:687,0
DA:688,0
DA:689,0
DA:690,0
DA:692,0
DA:698,0
DA:700,0
DA:701,0
DA:702,0
DA:705,0
DA:707,0
DA:708,0
DA:709,0
DA:710,0
DA:715,0
DA:716,0
DA:717,0
DA:720,0
DA:721,0
DA:722,0
DA:723,0
DA:725,0
DA:726,0
DA:727,0
DA:728,0
DA:729,0
DA:732,0
DA:733,0
DA:734,0
DA:735,0
DA:737,0
DA:738,0
DA:740,0
DA:741,0
DA:743,0
DA:744,0
DA:745,0
DA:746,0
DA:747,0
DA:756,0
DA:757,0
DA:759,0
DA:760,0
DA:761,0
DA:762,0
DA:765,0
DA:766,0
DA:767,0
DA:768,0
DA:769,0
DA:771,0
DA:772,0
DA:773,0
DA:774,0
DA:775,0
DA:778,0
DA:779,0
DA:781,0
DA:784,0
DA:786,0
DA:788,0
DA:790,0
DA:791,0
DA:792,0
DA:794,0
DA:795,0
DA:798,0
DA:799,0
DA:800,0
DA:801,0
DA:802,0
DA:808,0
DA:809,0
DA:811,0
DA:812,0
DA:813,0
DA:814,0
DA:817,0
DA:818,0
DA:819,0
DA:820,0
DA:822,0
DA:823,0
DA:824,0
DA:825,0
DA:826,0
DA:829,0
DA:830,0
DA:832,0
DA:833,0
DA:834,0
DA:835,0
DA:836,0
DA:840,0
DA:842,0
DA:843,0
DA:845,0
DA:846,0
DA:847,0
DA:848,0
DA:849,0
DA:853,0
DA:855,0
DA:856,0
DA:857,0
DA:858,0
DA:862,0
DA:864,0
DA:865,0
DA:867,0
DA:868,0
DA:869,0
DA:870,0
DA:871,0
DA:877,0
DA:878,0
DA:880,0
DA:881,0
DA:882,0
DA:883,0
DA:887,0
DA:888,0
DA:889,0
DA:890,0
DA:892,0
DA:893,0
DA:894,0
DA:895,0
DA:896,0
DA:899,0
DA:900,0
DA:902,0
DA:903,0
DA:904,0
DA:905,0
DA:906,0
DA:910,0
DA:912,0
DA:913,0
DA:914,0
DA:915,0
DA:916,0
DA:921,0
DA:922,0
DA:924,0
DA:925,0
DA:928,0
DA:929,0
DA:930,0
DA:931,0
DA:935,0
DA:937,0
DA:938,0
DA:940,0
DA:941,0
DA:943,0
DA:944,0
DA:945,0
DA:946,0
DA:947,0
DA:953,0
DA:954,0
DA:956,0
DA:957,0
DA:958,0
DA:959,0
DA:963,0
DA:964,0
DA:965,0
DA:966,0
DA:967,0
DA:969,0
DA:970,0
DA:971,0
DA:972,0
DA:973,0
DA:976,0
DA:977,0
DA:978,0
DA:979,0
DA:981,0
DA:982,0
DA:984,0
DA:985,0
DA:986,0
DA:988,0
DA:989,0
DA:992,0
DA:993,0
DA:994,0
DA:995,0
DA:996,0
DA:1002,0
DA:1003,0
DA:1005,0
DA:1006,0
DA:1007,0
DA:1008,0
DA:1012,0
DA:1013,0
DA:1014,0
DA:1015,0
DA:1016,0
DA:1018,0
DA:1019,0
DA:1020,0
DA:1021,0
DA:1022,0
DA:1025,0
DA:1026,0
DA:1029,0
DA:1031,0
DA:1033,0
DA:1034,0
DA:1036,0
DA:1037,0
DA:1039,0
DA:1040,0
DA:1041,0
DA:1042,0
DA:1043,0
DA:1049,0
DA:1050,0
DA:1052,0
DA:1053,0
DA:1054,0
DA:1055,0
DA:1059,0
DA:1060,0
DA:1061,0
DA:1062,0
DA:1064,0
DA:1065,0
DA:1066,0
DA:1067,0
DA:1068,0
DA:1071,0
DA:1072,0
DA:1073,0
DA:1074,0
DA:1076,0
DA:1077,0
DA:1079,0
DA:1080,0
DA:1082,0
DA:1083,0
DA:1084,0
DA:1085,0
DA:1086,0
LF:662
LH:0
end_of_record
TN:
SF:/usr/src/app/src/adapters/web/controllers/general_controller.rs
FN:25,login_controller
FNF:1
FNDA:0,login_controller
DA:25,0
DA:26,0
DA:27,0
DA:28,0
LF:4
LH:0
end_of_record
TN:
SF:/usr/src/app/src/adapters/web/controllers/role_controller.rs
FN:11,extract_token
FN:37,create_role_controller
FN:55,get_roles_controller
FN:77,get_role_controller
FN:106,update_role_controller
FN:139,patch_role_controller
FN:166,delete_role_controller
FNF:7
FNDA:0,extract_token
FNDA:0,create_role_controller
FNDA:0,get_roles_controller
FNDA:0,get_role_controller
FNDA:0,update_role_controller
FNDA:0,patch_role_controller
FNDA:0,delete_role_controller
DA:11,0
DA:12,0
DA:14,0
DA:15,0
DA:16,0
DA:37,0
DA:38,0
DA:39,0
DA:40,0
DA:41,0
DA:55,0
DA:56,0
DA:57,0
DA:58,0
DA:59,0
DA:77,0
DA:78,0
DA:79,0
DA:80,0
DA:81,0
DA:82,0
DA:106,0
DA:111,0
DA:112,0
DA:113,0
DA:114,0
DA:115,0
DA:139,0
DA:144,0
DA:145,0
DA:146,0
DA:147,0
DA:148,0
DA:166,0
DA:167,0
DA:168,0
DA:169,0
DA:170,0
DA:171,0
LF:39
LH:0
end_of_record
TN:
SF:/usr/src/app/src/adapters/web/controllers/user_controller.rs
FN:21,extract_token
FN:47,create_user_controller
FN:65,get_users_controller
FN:87,get_user_controller
FN:116,update_user_controller
FN:150,update_password_controller
FN:177,delete_user_controller
FN:206,add_role_to_user_controller
FN:234,remove_role_from_user_controller
FNF:9
FNDA:0,extract_token
FNDA:0,create_user_controller
FNDA:0,get_users_controller
FNDA:0,get_user_controller
FNDA:0,update_user_controller
FNDA:0,update_password_controller
FNDA:0,delete_user_controller
FNDA:0,add_role_to_user_controller
FNDA:0,remove_role_from_user_controller
DA:21,0
DA:22,0
DA:24,0
DA:25,0
DA:26,0
DA:47,0
DA:48,0
DA:49,0
DA:50,0
DA:51,0
DA:65,0
DA:66,0
DA:67,0
DA:68,0
DA:69,0
DA:87,0
DA:88,0
DA:89,0
DA:90,0
DA:91,0
DA:92,0
DA:116,0
DA:121,0
DA:122,0
DA:123,0
DA:124,0
DA:125,0
DA:150,0
DA:155,0
DA:156,0
DA:157,0
DA:158,0
DA:159,0
DA:177,0
DA:178,0
DA:179,0
DA:180,0
DA:181,0
DA:182,0
DA:206,0
DA:211,0
DA:212,0
DA:213,0
DA:214,0
DA:215,0
DA:234,0
DA:238,0
DA:239,0
DA:240,0
DA:241,0
DA:242,0
LF:51
LH:0
end_of_record
TN:
SF:/usr/src/app/src/core/error.rs
FN:60,<impl ResponseError for AppError>::status_code
FN:74,<impl ResponseError for AppError>::error_response
FNF:2
FNDA:0,<impl ResponseError for AppError>::status_code
FNDA:0,<impl ResponseError for AppError>::error_response
DA:60,0
DA:61,0
DA:62,0
DA:63,0
DA:64,0
DA:65,0
DA:66,0
DA:67,0
DA:68,0
DA:69,0
DA:74,0
DA:75,0
DA:76,0
DA:78,0
DA:79,0
DA:80,0
DA:81,0
DA:82,0
DA:83,0
DA:84,0
DA:85,0
DA:88,0
DA:89,0
DA:90,0
DA:91,0
DA:92,0
DA:93,0
DA:95,0
DA:101,0
DA:105,0
LF:30
LH:0
end_of_record
TN:
SF:/usr/src/app/src/core/services/general_service.rs
FN:8,login_service
FNF:1
FNDA:4,login_service
DA:8,4
DA:12,4
DA:13,5
DA:16,2
DA:17,1
DA:22,2
DA:23,1
DA:24,1
DA:27,3
DA:29,1
DA:30,1
DA:31,1
DA:32,2
DA:33,1
DA:34,2
LF:15
LH:15
end_of_record
TN:
SF:/usr/src/app/src/core/services/role_service.rs
FN:11,get_roles_service
FN:18,get_role_service
FN:26,create_role_service
FN:37,update_role_service
FN:49,delete_role_service
FN:57,patch_role_service
FNF:6
FNDA:2,get_roles_service
FNDA:2,get_role_service
FNDA:3,create_role_service
FNDA:3,update_role_service
FNDA:2,delete_role_service
FNDA:2,patch_role_service
DA:11,2
DA:15,4
DA:18,2
DA:23,4
DA:26,3
DA:31,6
DA:32,2
DA:34,2
DA:37,3
DA:43,5
DA:44,2
DA:46,2
DA:49,2
DA:54,4
DA:57,2
DA:63,2
DA:64,2
DA:66,1
LF:18
LH:18
end_of_record
TN:
SF:/usr/src/app/src/core/services/user_service.rs
FN:12,create_user_service
FN:23,get_users_service
FN:30,get_user_service
FN:38,update_user_service
FN:50,update_password_service
FN:62,delete_user_service
FN:70,add_role_to_user_service
FN:82,remove_role_from_user_service
FNF:8
FNDA:3,create_user_service
FNDA:1,get_users_service
FNDA:2,get_user_service
FNDA:3,update_user_service
FNDA:2,update_password_service
FNDA:2,delete_user_service
FNDA:3,add_role_to_user_service
FNDA:2,remove_role_from_user_service
DA:12,3
DA:17,5
DA:18,2
DA:20,2
DA:23,1
DA:27,2
DA:30,2
DA:35,4
DA:38,3
DA:44,5
DA:45,2
DA:47,2
DA:50,2
DA:56,3
DA:57,2
DA:59,2
DA:62,2
DA:67,4
DA:70,3
DA:76,6
DA:77,2
DA:79,4
DA:82,2
DA:88,3
LF:24
LH:24
end_of_record
TN:
SF:/usr/src/app/src/core/validators/create_role_validator.rs
FN:3,validate_create_role
FNF:1
FNDA:1,validate_create_role
DA:3,1
DA:4,1
DA:5,4
DA:6,1
DA:8,3
DA:9,1
DA:11,7
DA:12,2
DA:14,1
LF:9
LH:9
end_of_record
TN:
SF:/usr/src/app/src/core/validators/create_user_validator.rs
FN:4,validate_create_user
FNF:1
FNDA:1,validate_create_user
DA:4,1
DA:5,1
DA:7,8
DA:8,2
DA:10,3
DA:11,6
DA:12,2
DA:16,4
DA:17,1
DA:20,6
DA:21,1
DA:24,7
DA:25,1
DA:28,9
DA:29,2
DA:31,2
LF:16
LH:16
end_of_record
TN:
SF:/usr/src/app/src/core/validators/login_validator.rs
FN:4,validate_login
FNF:1
FNDA:4,validate_login
DA:4,4
DA:5,3
DA:7,7
DA:8,3
DA:10,4
DA:13,4
DA:14,2
DA:18,3
DA:19,1
DA:22,6
DA:23,1
DA:25,3
LF:12
LH:12
end_of_record
TN:
SF:/usr/src/app/src/core/validators/patch_role_validator.rs
FN:3,validate_update_role_partial
FNF:1
FNDA:2,validate_update_role_partial
DA:3,2
DA:4,2
DA:6,6
DA:7,1
DA:9,4
DA:10,1
DA:12,4
DA:13,1
DA:14,1
DA:15,1
DA:16,1
DA:18,1
DA:21,2
LF:13
LH:13
end_of_record
TN:
SF:/usr/src/app/src/core/validators/update_password_validator.rs
FN:1,validate_update_password
FNF:1
FNDA:1,validate_update_password
DA:1,1
DA:2,2
DA:3,5
DA:4,1
DA:6,6
DA:7,2
DA:9,1
LF:7
LH:7
end_of_record
TN:
SF:/usr/src/app/src/core/validators/update_role_validator.rs
FN:3,validate_update_role
FNF:1
FNDA:1,validate_update_role
DA:3,1
DA:4,1
DA:5,8
DA:6,1
DA:8,7
DA:9,1
DA:11,9
DA:12,2
DA:14,2
LF:9
LH:9
end_of_record
TN:
SF:/usr/src/app/src/core/validators/update_user_validator.rs
FN:4,validate_update_user
FNF:1
FNDA:3,validate_update_user
DA:4,3
DA:5,3
DA:7,3
DA:8,6
DA:9,1
DA:11,2
DA:12,6
DA:13,2
DA:17,4
DA:18,6
DA:19,1
DA:23,5
DA:24,6
DA:25,1
DA:29,6
DA:30,2
DA:32,1
LF:17
LH:17
end_of_record
TN:
SF:/usr/src/app/src/lib.rs
FN:7,hello
FNF:1
FNDA:0,hello
DA:7,0
DA:8,0
LF:2
LH:0
end_of_record
TN:
SF:/usr/src/app/src/main.rs
FN:40,<impl Modify for SecurityAddon>::modify
FN:103,main
FNF:2
FNDA:0,<impl Modify for SecurityAddon>::modify
FNDA:0,main
DA:40,0
DA:41,0
DA:42,0
DA:44,0
DA:45,0
DA:46,0
DA:47,0
DA:49,0
DA:103,0
DA:105,0
DA:107,0
DA:108,0
DA:109,0
DA:111,0
DA:112,0
DA:113,0
DA:115,0
DA:116,0
DA:134,0
DA:136,0
LF:20
LH:0
end_of_record
