<?xml version="1.0" encoding="UTF-8"?>
<testsuite xmlns:xsi="http://www.w3.org/2001/XMLSchema-instance" xsi:noNamespaceSchemaLocation="https://maven.apache.org/surefire/maven-surefire-plugin/xsd/surefire-test-report-3.0.xsd" version="3.0" name="com.constrsw.employees.service.EmployeeServiceTest" time="16.678" tests="13" errors="0" skipped="0" failures="0">
  <properties>
[...]
</properties>
  <testcase name="shouldThrowExceptionWhenDeletingNonExistentEmployee" classname="com.constrsw.employees.service.EmployeeServiceTest" time="15.886">
    <system-err><![CDATA[WARNING: A Java agent has been loaded dynamically (/root/.m2/repository/net/bytebuddy/byte-buddy-agent/1.14.19/byte-buddy-agent-1.14.19.jar)
WARNING: If a serviceability tool is in use, please run with -XX:+EnableDynamicAgentLoading to hide this warning
WARNING: If a serviceability tool is not in use, please run with -Djdk.instrument.traceUsage for more information
WARNING: Dynamic loading of agents will be disallowed by default in a future release
]]></system-err>
  </testcase>
  <testcase name="shouldThrowExceptionWhenContractNumberExists" classname="com.constrsw.employees.service.EmployeeServiceTest" time="0.022"/>
  <testcase name="shouldCreateEmployeeTask" classname="com.constrsw.employees.service.EmployeeServiceTest" time="0.094"/>
  <testcase name="shouldGetAllEmployeesWithPagination" classname="com.constrsw.employees.service.EmployeeServiceTest" time="0.097"/>
  <testcase name="shouldSearchEmployeesWithFilter" classname="com.constrsw.employees.service.EmployeeServiceTest" time="0.019"/>
  <testcase name="shouldGetEmployeeByIdSuccessfully" classname="com.constrsw.employees.service.EmployeeServiceTest" time="0.03"/>
  <testcase name="shouldCreateEmployeeSuccessfully" classname="com.constrsw.employees.service.EmployeeServiceTest" time="0.016"/>
  <testcase name="shouldUpdateEmployeeSuccessfully" classname="com.constrsw.employees.service.EmployeeServiceTest" time="0.023"/>
  <testcase name="shouldDeleteEmployeeTask" classname="com.constrsw.employees.service.EmployeeServiceTest" time="0.041"/>
  <testcase name="shouldUpdateEmployeeTask" classname="com.constrsw.employees.service.EmployeeServiceTest" time="0.016"/>
  <testcase name="shouldDeleteEmployeeAndTasks" classname="com.constrsw.employees.service.EmployeeServiceTest" time="0.015"/>
  <testcase name="shouldThrowExceptionWhenEmployeeNotFound" classname="com.constrsw.employees.service.EmployeeServiceTest" time="0.018"/>
  <testcase name="shouldGetEmployeeTasks" classname="com.constrsw.employees.service.EmployeeServiceTest" time="0.021"/>
</testsuite>